#
# A fatal error has been detected by the Java Runtime Environment:
#
#  EXCEPTION_ACCESS_VIOLATION (0xc0000005) at pc=0x00007ff9e887cf10, pid=14000, tid=11140
#
# JRE version: OpenJDK Runtime Environment (14.0.1+7) (build 14.0.1+7)
# Java VM: OpenJDK 64-Bit Server VM (14.0.1+7, mixed mode, sharing, tiered, compressed oops, g1 gc, windows-amd64)
# Problematic frame:
# V  [jvm.dll+0xcf10]
#
# No core dump will be written. Minidumps are not enabled by default on client versions of Windows
#
# If you would like to submit a bug report, please visit:
#   https://bugreport.java.com/bugreport/crash.jsp
#

---------------  S U M M A R Y ------------

Command Line: --module-path=D:/workspace/java/libs/openjfx-11.0.2_windows-x64_bin-sdk/javafx-sdk-11.0.2/lib --add-modules=javafx.controls,javafx.fxml --add-modules=javafx.base,javafx.graphics --add-reads=javafx.base=ALL-UNNAMED --add-reads=javafx.graphics=ALL-UNNAMED -javaagent:D:\Program Files\ideaIU-2020.1.windows\lib\idea_rt.jar=56032:D:\Program Files\ideaIU-2020.1.windows\bin -Dfile.encoding=UTF-8 nipel.FreqControl.Main

Host: Intel(R) Core(TM) i5-7500 CPU @ 3.40GHz, 4 cores, 7G,  Windows 10 , 64 bit Build 18362 (10.0.18362.329)
Time: Mon May  4 00:49:00 2020 RTZ 2 (ceia) elapsed time: 16 seconds (0d 0h 0m 16s)

---------------  T H R E A D  ---------------

Current thread (0x000001d382a98000):  JavaThread "Thread-5" daemon [_thread_in_vm, id=11140, stack(0x0000001721800000,0x0000001721900000)]

Stack: [0x0000001721800000,0x0000001721900000],  sp=0x00000017218fe5d8,  free space=1017k
Native frames: (J=compiled Java code, j=interpreted, Vv=VM code, C=native code)
V  [jvm.dll+0xcf10]

Java frames: (J=compiled Java code, j=interpreted, Vv=VM code)
j  com.fazecast.jSerialComm.SerialPort.readBytes(J[BJJ)I+0
j  com.fazecast.jSerialComm.SerialPort.readBytes([BJ)I+8
j  nipel.FreqControl.Util.ConnectionService.sendSweep()V+494
j  nipel.FreqControl.Util.ConnectionService$2.call()Ljava/lang/String;+326
j  nipel.FreqControl.Util.ConnectionService$2.call()Ljava/lang/Object;+1
j  javafx.concurrent.Task$TaskCallable.call()Ljava/lang/Object;+26 javafx.graphics
j  java.util.concurrent.FutureTask.run()V+39 java.base@14.0.1
j  javafx.concurrent.Service.lambda$executeTask$6(Ljavafx/concurrent/Task;)Ljava/lang/Void;+1 javafx.graphics
j  javafx.concurrent.Service$$Lambda$727.run()Ljava/lang/Object;+4 javafx.graphics
J 3272 c1 java.security.AccessController.doPrivileged(Ljava/security/PrivilegedAction;Ljava/security/AccessControlContext;)Ljava/lang/Object; java.base@14.0.1 (17 bytes) @ 0x000001d3eb442564 [0x000001d3eb442380+0x00000000000001e4]
j  javafx.concurrent.Service.lambda$executeTask$7(Ljavafx/concurrent/Task;Ljava/security/AccessControlContext;)V+7 javafx.graphics
j  javafx.concurrent.Service$$Lambda$725.run()V+8 javafx.graphics
j  java.util.concurrent.ThreadPoolExecutor.runWorker(Ljava/util/concurrent/ThreadPoolExecutor$Worker;)V+92 java.base@14.0.1
j  java.util.concurrent.ThreadPoolExecutor$Worker.run()V+5 java.base@14.0.1
j  java.lang.Thread.run()V+11 java.base@14.0.1
v  ~StubRoutines::call_stub

siginfo: EXCEPTION_ACCESS_VIOLATION (0xc0000005), reading address 0x0000000000000000


Register to memory mapping:

RIP=0x00007ff9e887cf10 jvm.dll
RAX=0x0 is NULL
RBX=0x000001d382a98000 is a thread
RCX=0x0 is NULL
RDX=0x0 is NULL
RSP=0x00000017218fe5d8 is pointing into the stack for thread: 0x000001d382a98000
RBP=0x0 is NULL
RSI=0x00000017218fe700 is pointing into the stack for thread: 0x000001d382a98000
RDI=0x000001d382a98000 is a thread
R8 =0x0 is NULL
R9 =0x0000000000000001 is an unknown value
R10=0x0 is NULL
R11=0x0000000000000246 is an unknown value
R12=0x0 is NULL
R13={method} {0x000001d38d229960} 'readBytes' '(J[BJJ)I' in 'com/fazecast/jSerialComm/SerialPort'
R14=0x0000000000000001 is an unknown value
R15=0x0 is NULL


Registers:
RAX=0x0000000000000000, RBX=0x000001d382a98000, RCX=0x0000000000000000, RDX=0x0000000000000000
RSP=0x00000017218fe5d8, RBP=0x0000000000000000, RSI=0x00000017218fe700, RDI=0x000001d382a98000
R8 =0x0000000000000000, R9 =0x0000000000000001, R10=0x0000000000000000, R11=0x0000000000000246
R12=0x0000000000000000, R13=0x000001d38d229958, R14=0x0000000000000001, R15=0x0000000000000000
RIP=0x00007ff9e887cf10, EFLAGS=0x0000000000010246

Top of Stack: (sp=0x00000017218fe5d8)
0x00000017218fe5d8:   00007ff9e8c00548 000001d38228eda0
0x00000017218fe5e8:   000001d382a98310 00000017218fe7f8
0x00000017218fe5f8:   0000000000000bf8 000001d382a98000
0x00000017218fe608:   0000000000000000 0000000000000000
0x00000017218fe618:   000001d38d229958 0000000000000000
0x00000017218fe628:   000001d38228eda0 0000000000000000
0x00000017218fe638:   00007ffa13582fc5 0000000000000be8
0x00000017218fe648:   0000000000000001 00000017218fe7f8
0x00000017218fe658:   000001d382a98310 000001d38228eda0
0x00000017218fe668:   00000008002f53c8 0000000000000001
0x00000017218fe678:   0000000000000000 0000000000000001
0x00000017218fe688:   0000000000000000 0000000000000bf8
0x00000017218fe698:   0000000100000000 0000000000000000
0x00000017218fe6a8:   0000d451ea91db4a 00000008009cd258
0x00000017218fe6b8:   00000017218fe7f8 000001d382a98000
0x00000017218fe6c8:   000001d3ea82a1b3 0000000000000200 

Instructions: (pc=0x00007ff9e887cf10)
0x00007ff9e887ce10:   f4 a1 9a 00 48 83 c4 20 5b 48 ff e0 48 8d 05 ed
0x00007ff9e887ce20:   00 00 00 48 8b cb 48 89 05 db a1 9a 00 48 83 c4
0x00007ff9e887ce30:   20 5b 48 ff e0 48 8d 05 d4 00 00 00 48 8b cb 48
0x00007ff9e887ce40:   89 05 c2 a1 9a 00 48 83 c4 20 5b 48 ff e0 48 8b
0x00007ff9e887ce50:   0d 3b bd a0 00 8b 51 10 83 ea 01 0f 84 8b 00 00
0x00007ff9e887ce60:   00 83 ea 01 74 6d 83 ea 01 74 4f 83 fa 01 74 31
0x00007ff9e887ce70:   4c 8d 05 79 ad 78 00 ba e8 00 00 00 48 8d 0d a5
0x00007ff9e887ce80:   ad 78 00 e8 48 01 20 00 e8 d3 b0 5e 00 33 c0 48
0x00007ff9e887ce90:   8b cb 48 89 05 6f a1 9a 00 48 83 c4 20 5b 48 ff
0x00007ff9e887cea0:   e0 48 8d 05 78 00 00 00 48 8b cb 48 89 05 56 a1
0x00007ff9e887ceb0:   9a 00 48 83 c4 20 5b 48 ff e0 48 8d 05 4f 00 00
0x00007ff9e887cec0:   00 48 8b cb 48 89 05 3d a1 9a 00 48 83 c4 20 5b
0x00007ff9e887ced0:   48 ff e0 48 8d 05 36 00 00 00 48 8b cb 48 89 05
0x00007ff9e887cee0:   24 a1 9a 00 48 83 c4 20 5b 48 ff e0 48 8d 05 1d
0x00007ff9e887cef0:   00 00 00 48 8b cb 48 89 05 0b a1 9a 00 48 83 c4
0x00007ff9e887cf00:   20 5b 48 ff e0 cc cc cc cc cc cc cc cc cc cc cc
0x00007ff9e887cf10:   48 8b 01 c3 cc cc cc cc cc cc cc cc cc cc cc cc
0x00007ff9e887cf20:   48 8b 11 e9 48 fd ff ff cc cc cc cc cc cc cc cc
0x00007ff9e887cf30:   8b 44 24 30 45 03 c9 44 2b 4c 24 28 83 c0 0b 44
0x00007ff9e887cf40:   03 ca 45 03 c8 41 03 c1 c3 cc cc cc cc cc cc cc
0x00007ff9e887cf50:   48 8b 41 08 0f b7 48 32 0f b7 40 30 83 c0 48 03
0x00007ff9e887cf60:   c1 c3 cc cc cc cc cc cc cc cc cc cc cc cc cc cc
0x00007ff9e887cf70:   48 89 5c 24 18 56 48 83 ec 20 48 85 15 87 ef a7
0x00007ff9e887cf80:   00 48 8b da 48 8b f1 75 25 48 8b 05 88 ef a7 00
0x00007ff9e887cf90:   33 c9 48 23 c2 48 0b 05 5c ef a7 00 48 85 d2 48
0x00007ff9e887cfa0:   0f 44 c1 48 8b 5c 24 40 48 83 c4 20 5e c3 48 8b
0x00007ff9e887cfb0:   cb 48 89 6c 24 30 e8 15 4f 76 00 48 8b e8 48 85
0x00007ff9e887cfc0:   f6 74 5d 48 85 c0 74 58 48 89 7c 24 38 48 8b 3d
0x00007ff9e887cfd0:   44 ef a7 00 48 23 f8 48 0b 3d 72 ef a7 00 74 3b
0x00007ff9e887cfe0:   48 8b 05 51 c0 9c 00 4c 8b c3 48 8b d6 48 8b cf
0x00007ff9e887cff0:   ff d0 48 3b c3 74 24 48 85 05 0a ef a7 00 74 1b
0x00007ff9e887d000:   4c 8b 0d 31 c0 9c 00 4c 8b c0 48 8b d6 48 8b cf 


Stack slot to memory mapping:
stack at sp + 0 slots: 0x00007ff9e8c00548 jvm.dll
stack at sp + 1 slots: 0x000001d38228eda0 points into unknown readable memory: 02 69 6e 69 74 3e 00 00
stack at sp + 2 slots: 0x000001d382a98310 points into unknown readable memory: a0 1a 23 e9 f9 7f 00 00
stack at sp + 3 slots: 0x00000017218fe7f8 is pointing into the stack for thread: 0x000001d382a98000
stack at sp + 4 slots: 0x0000000000000bf8 is an unknown value
stack at sp + 5 slots: 0x000001d382a98000 is a thread
stack at sp + 6 slots: 0x0 is NULL
stack at sp + 7 slots: 0x0 is NULL


---------------  P R O C E S S  ---------------

Threads class SMR info:
_java_thread_list=0x000001d382274fe0, length=20, elements={
0x000001d3e2092800, 0x000001d3fe8b1800, 0x000001d3fe8b4000, 0x000001d3fe8d1800,
0x000001d3fe8d4800, 0x000001d3fe8d6800, 0x000001d3fe8db800, 0x000001d3fe8e1000,
0x000001d3ff26f800, 0x000001d3ff313000, 0x000001d3ffcd3000, 0x000001d3ff63c000,
0x000001d3ffcd0800, 0x000001d3ffb40800, 0x000001d382499800, 0x000001d382a68000,
0x000001d382a94800, 0x000001d382a96800, 0x000001d382a92000, 0x000001d382a98000
}

Java Threads: ( => current thread )
  0x000001d3e2092800 JavaThread "main" [_thread_blocked, id=9928, stack(0x000000171f100000,0x000000171f200000)]
  0x000001d3fe8b1800 JavaThread "Reference Handler" daemon [_thread_blocked, id=1180, stack(0x000000171f800000,0x000000171f900000)]
  0x000001d3fe8b4000 JavaThread "Finalizer" daemon [_thread_blocked, id=14032, stack(0x000000171f900000,0x000000171fa00000)]
  0x000001d3fe8d1800 JavaThread "Signal Dispatcher" daemon [_thread_blocked, id=7684, stack(0x000000171fa00000,0x000000171fb00000)]
  0x000001d3fe8d4800 JavaThread "Attach Listener" daemon [_thread_blocked, id=13308, stack(0x000000171fb00000,0x000000171fc00000)]
  0x000001d3fe8d6800 JavaThread "Service Thread" daemon [_thread_blocked, id=6908, stack(0x000000171fc00000,0x000000171fd00000)]
  0x000001d3fe8db800 JavaThread "C2 CompilerThread0" daemon [_thread_blocked, id=13364, stack(0x000000171fd00000,0x000000171fe00000)]
  0x000001d3fe8e1000 JavaThread "C1 CompilerThread0" daemon [_thread_blocked, id=5380, stack(0x000000171fe00000,0x000000171ff00000)]
  0x000001d3ff26f800 JavaThread "Sweeper thread" daemon [_thread_blocked, id=4132, stack(0x000000171ff00000,0x0000001720000000)]
  0x000001d3ff313000 JavaThread "Common-Cleaner" daemon [_thread_blocked, id=4832, stack(0x0000001720000000,0x0000001720100000)]
  0x000001d3ffcd3000 JavaThread "Monitor Ctrl-Break" daemon [_thread_in_native, id=5352, stack(0x0000001720200000,0x0000001720300000)]
  0x000001d3ff63c000 JavaThread "Notification Thread" daemon [_thread_blocked, id=11164, stack(0x0000001720300000,0x0000001720400000)]
  0x000001d3ffcd0800 JavaThread "QuantumRenderer-0" daemon [_thread_blocked, id=12404, stack(0x0000001720100000,0x0000001720200000)]
  0x000001d3ffb40800 JavaThread "InvokeLaterDispatcher" daemon [_thread_blocked, id=12100, stack(0x0000001720600000,0x0000001720700000)]
  0x000001d382499800 JavaThread "JavaFX Application Thread" [_thread_in_native, id=13336, stack(0x0000001720700000,0x0000001720800000)]
  0x000001d382a68000 JavaThread "JavaFX-Launcher" [_thread_blocked, id=10828, stack(0x0000001720d00000,0x0000001720e00000)]
  0x000001d382a94800 JavaThread "Thread-2" daemon [_thread_in_native, id=6728, stack(0x0000001720c00000,0x0000001720d00000)]
  0x000001d382a96800 JavaThread "Prism Font Disposer" daemon [_thread_blocked, id=1236, stack(0x0000001720f00000,0x0000001721000000)]
  0x000001d382a92000 JavaThread "Cleaner-0" daemon [_thread_blocked, id=12128, stack(0x0000001721400000,0x0000001721500000)]
=>0x000001d382a98000 JavaThread "Thread-5" daemon [_thread_in_vm, id=11140, stack(0x0000001721800000,0x0000001721900000)]

Other Threads:
  0x000001d3fe8af800 VMThread "VM Thread" [stack: 0x000000171f700000,0x000000171f800000] [id=14024]
  0x000001d3823d9000 WatcherThread [stack: 0x0000001720400000,0x0000001720500000] [id=10420]
  0x000001d3e20d5000 GCTaskThread "GC Thread#0" [stack: 0x000000171f200000,0x000000171f300000] [id=1356]
  0x000001d38249a800 GCTaskThread "GC Thread#1" [stack: 0x0000001720800000,0x0000001720900000] [id=10396]
  0x000001d3ffa98800 GCTaskThread "GC Thread#2" [stack: 0x0000001720900000,0x0000001720a00000] [id=7112]
  0x000001d3ffa99000 GCTaskThread "GC Thread#3" [stack: 0x0000001720a00000,0x0000001720b00000] [id=1468]
  0x000001d3e20e6800 ConcurrentGCThread "G1 Main Marker" [stack: 0x000000171f300000,0x000000171f400000] [id=7064]
  0x000001d3e20e8000 ConcurrentGCThread "G1 Conc#0" [stack: 0x000000171f400000,0x000000171f500000] [id=8408]
  0x000001d3e215e000 ConcurrentGCThread "G1 Refine#0" [stack: 0x000000171f500000,0x000000171f600000] [id=4880]
  0x000001d3fe723800 ConcurrentGCThread "G1 Young RemSet Sampling" [stack: 0x000000171f600000,0x000000171f700000] [id=13892]

Threads with active compile tasks:

VM state:not at safepoint (normal execution)

VM Mutex/Monitor currently owned by a thread: None

Heap address: 0x0000000080a00000, size: 2038 MB, Compressed Oops mode: 32-bit
Narrow klass base: 0x0000000800000000, Narrow klass shift: 3
Compressed class space size: 1073741824 Address: 0x0000000800b30000

Heap:
 garbage-first heap   total 58368K, used 26279K [0x0000000080a00000, 0x0000000100000000)
  region size 1024K, 23 young (23552K), 10 survivors (10240K)
 Metaspace       used 21075K, capacity 22089K, committed 22400K, reserved 1069056K
  class space    used 2923K, capacity 3330K, committed 3456K, reserved 1048576K
Heap Regions: E=young(eden), S=young(survivor), O=old, HS=humongous(starts), HC=humongous(continues), CS=collection set, F=free, OA=open archive, CA=closed archive, TAMS=top-at-mark-start (previous, next)
|   0|0x0000000080a00000, 0x0000000080b00000, 0x0000000080b00000|100%| O|  |TAMS 0x0000000080b00000, 0x0000000080a00000| Untracked 
|   1|0x0000000080b00000, 0x0000000080c00000, 0x0000000080c00000|100%| O|  |TAMS 0x0000000080c00000, 0x0000000080b00000| Untracked 
|   2|0x0000000080c00000, 0x0000000080c58e00, 0x0000000080d00000| 34%| O|  |TAMS 0x0000000080c58e00, 0x0000000080c00000| Untracked 
|   3|0x0000000080d00000, 0x0000000080e00000, 0x0000000080e00000|100%|HS|  |TAMS 0x0000000080e00000, 0x0000000080d00000| Complete 
|   4|0x0000000080e00000, 0x0000000080f00000, 0x0000000080f00000|100%|HC|  |TAMS 0x0000000080f00000, 0x0000000080e00000| Complete 
|   5|0x0000000080f00000, 0x0000000080f00000, 0x0000000081000000|  0%| F|  |TAMS 0x0000000080f00000, 0x0000000080f00000| Untracked 
|   6|0x0000000081000000, 0x0000000081000000, 0x0000000081100000|  0%| F|  |TAMS 0x0000000081000000, 0x0000000081000000| Untracked 
|   7|0x0000000081100000, 0x0000000081100000, 0x0000000081200000|  0%| F|  |TAMS 0x0000000081100000, 0x0000000081100000| Untracked 
|   8|0x0000000081200000, 0x0000000081200000, 0x0000000081300000|  0%| F|  |TAMS 0x0000000081200000, 0x0000000081200000| Untracked 
|   9|0x0000000081300000, 0x0000000081300000, 0x0000000081400000|  0%| F|  |TAMS 0x0000000081300000, 0x0000000081300000| Untracked 
|  10|0x0000000081400000, 0x0000000081400000, 0x0000000081500000|  0%| F|  |TAMS 0x0000000081400000, 0x0000000081400000| Untracked 
|  11|0x0000000081500000, 0x0000000081500000, 0x0000000081600000|  0%| F|  |TAMS 0x0000000081500000, 0x0000000081500000| Untracked 
|  12|0x0000000081600000, 0x0000000081600000, 0x0000000081700000|  0%| F|  |TAMS 0x0000000081600000, 0x0000000081600000| Untracked 
|  13|0x0000000081700000, 0x0000000081700000, 0x0000000081800000|  0%| F|  |TAMS 0x0000000081700000, 0x0000000081700000| Untracked 
|  14|0x0000000081800000, 0x0000000081800000, 0x0000000081900000|  0%| F|  |TAMS 0x0000000081800000, 0x0000000081800000| Untracked 
|  15|0x0000000081900000, 0x0000000081900000, 0x0000000081a00000|  0%| F|  |TAMS 0x0000000081900000, 0x0000000081900000| Untracked 
|  16|0x0000000081a00000, 0x0000000081a00000, 0x0000000081b00000|  0%| F|  |TAMS 0x0000000081a00000, 0x0000000081a00000| Untracked 
|  17|0x0000000081b00000, 0x0000000081b00000, 0x0000000081c00000|  0%| F|  |TAMS 0x0000000081b00000, 0x0000000081b00000| Untracked 
|  18|0x0000000081c00000, 0x0000000081c00000, 0x0000000081d00000|  0%| F|  |TAMS 0x0000000081c00000, 0x0000000081c00000| Untracked 
|  19|0x0000000081d00000, 0x0000000081d00000, 0x0000000081e00000|  0%| F|  |TAMS 0x0000000081d00000, 0x0000000081d00000| Untracked 
|  20|0x0000000081e00000, 0x0000000081e00000, 0x0000000081f00000|  0%| F|  |TAMS 0x0000000081e00000, 0x0000000081e00000| Untracked 
|  21|0x0000000081f00000, 0x0000000081f00000, 0x0000000082000000|  0%| F|  |TAMS 0x0000000081f00000, 0x0000000081f00000| Untracked 
|  22|0x0000000082000000, 0x0000000082000000, 0x0000000082100000|  0%| F|  |TAMS 0x0000000082000000, 0x0000000082000000| Untracked 
|  23|0x0000000082100000, 0x0000000082100000, 0x0000000082200000|  0%| F|  |TAMS 0x0000000082100000, 0x0000000082100000| Untracked 
|  24|0x0000000082200000, 0x0000000082200000, 0x0000000082300000|  0%| F|  |TAMS 0x0000000082200000, 0x0000000082200000| Untracked 
|  25|0x0000000082300000, 0x0000000082300000, 0x0000000082400000|  0%| F|  |TAMS 0x0000000082300000, 0x0000000082300000| Untracked 
|  26|0x0000000082400000, 0x0000000082400000, 0x0000000082500000|  0%| F|  |TAMS 0x0000000082400000, 0x0000000082400000| Untracked 
|  27|0x0000000082500000, 0x0000000082500000, 0x0000000082600000|  0%| F|  |TAMS 0x0000000082500000, 0x0000000082500000| Untracked 
|  28|0x0000000082600000, 0x0000000082600000, 0x0000000082700000|  0%| F|  |TAMS 0x0000000082600000, 0x0000000082600000| Untracked 
|  29|0x0000000082700000, 0x0000000082700000, 0x0000000082800000|  0%| F|  |TAMS 0x0000000082700000, 0x0000000082700000| Untracked 
|  30|0x0000000082800000, 0x0000000082800000, 0x0000000082900000|  0%| F|  |TAMS 0x0000000082800000, 0x0000000082800000| Untracked 
|  31|0x0000000082900000, 0x0000000082900000, 0x0000000082a00000|  0%| F|  |TAMS 0x0000000082900000, 0x0000000082900000| Untracked 
|  32|0x0000000082a00000, 0x0000000082a00000, 0x0000000082b00000|  0%| F|  |TAMS 0x0000000082a00000, 0x0000000082a00000| Untracked 
|  33|0x0000000082b00000, 0x0000000082b00000, 0x0000000082c00000|  0%| F|  |TAMS 0x0000000082b00000, 0x0000000082b00000| Untracked 
|  34|0x0000000082c00000, 0x0000000082c56c50, 0x0000000082d00000| 33%| E|  |TAMS 0x0000000082c00000, 0x0000000082c00000| Complete 
|  35|0x0000000082d00000, 0x0000000082e00000, 0x0000000082e00000|100%| E|CS|TAMS 0x0000000082d00000, 0x0000000082d00000| Complete 
|  36|0x0000000082e00000, 0x0000000082f00000, 0x0000000082f00000|100%| E|CS|TAMS 0x0000000082e00000, 0x0000000082e00000| Complete 
|  37|0x0000000082f00000, 0x0000000083000000, 0x0000000083000000|100%| E|CS|TAMS 0x0000000082f00000, 0x0000000082f00000| Complete 
|  38|0x0000000083000000, 0x0000000083100000, 0x0000000083100000|100%| E|CS|TAMS 0x0000000083000000, 0x0000000083000000| Complete 
|  39|0x0000000083100000, 0x0000000083200000, 0x0000000083200000|100%| E|CS|TAMS 0x0000000083100000, 0x0000000083100000| Complete 
|  40|0x0000000083200000, 0x0000000083300000, 0x0000000083300000|100%| E|CS|TAMS 0x0000000083200000, 0x0000000083200000| Complete 
|  41|0x0000000083300000, 0x0000000083400000, 0x0000000083400000|100%| E|CS|TAMS 0x0000000083300000, 0x0000000083300000| Complete 
|  42|0x0000000083400000, 0x0000000083500000, 0x0000000083500000|100%| E|CS|TAMS 0x0000000083400000, 0x0000000083400000| Complete 
|  43|0x0000000083500000, 0x0000000083600000, 0x0000000083600000|100%| E|CS|TAMS 0x0000000083500000, 0x0000000083500000| Complete 
|  44|0x0000000083600000, 0x0000000083700000, 0x0000000083700000|100%| E|CS|TAMS 0x0000000083600000, 0x0000000083600000| Complete 
|  65|0x0000000084b00000, 0x0000000084b50f20, 0x0000000084c00000| 31%| S|CS|TAMS 0x0000000084b00000, 0x0000000084b00000| Complete 
|  66|0x0000000084c00000, 0x0000000084d00000, 0x0000000084d00000|100%| S|CS|TAMS 0x0000000084c00000, 0x0000000084c00000| Complete 
|  67|0x0000000084d00000, 0x0000000084e00000, 0x0000000084e00000|100%| S|CS|TAMS 0x0000000084d00000, 0x0000000084d00000| Complete 
|  68|0x0000000084e00000, 0x0000000084f00000, 0x0000000084f00000|100%| S|CS|TAMS 0x0000000084e00000, 0x0000000084e00000| Complete 
|  69|0x0000000084f00000, 0x0000000085000000, 0x0000000085000000|100%| S|CS|TAMS 0x0000000084f00000, 0x0000000084f00000| Complete 
|  70|0x0000000085000000, 0x0000000085100000, 0x0000000085100000|100%| S|CS|TAMS 0x0000000085000000, 0x0000000085000000| Complete 
|  71|0x0000000085100000, 0x0000000085200000, 0x0000000085200000|100%| S|CS|TAMS 0x0000000085100000, 0x0000000085100000| Complete 
|  72|0x0000000085200000, 0x0000000085300000, 0x0000000085300000|100%| S|CS|TAMS 0x0000000085200000, 0x0000000085200000| Complete 
|  73|0x0000000085300000, 0x0000000085400000, 0x0000000085400000|100%| S|CS|TAMS 0x0000000085300000, 0x0000000085300000| Complete 
|  74|0x0000000085400000, 0x0000000085500000, 0x0000000085500000|100%| S|CS|TAMS 0x0000000085400000, 0x0000000085400000| Complete 
| 126|0x0000000088800000, 0x0000000088900000, 0x0000000088900000|100%| E|CS|TAMS 0x0000000088800000, 0x0000000088800000| Complete 
| 127|0x0000000088900000, 0x0000000088a00000, 0x0000000088a00000|100%| E|CS|TAMS 0x0000000088900000, 0x0000000088900000| Complete 

Card table byte_map: [0x000001d3f9c20000,0x000001d3fa020000] _byte_map_base: 0x000001d3f981b000

Marking Bits (Prev, Next): (CMBitMap*) 0x000001d3e20d5e48, (CMBitMap*) 0x000001d3e20d5e08
 Prev Bits: [0x000001d3fc400000, 0x000001d3fe3d8000)
 Next Bits: [0x000001d3fa420000, 0x000001d3fc3f8000)

Polling page: 0x000001d3e1860000

Metaspace:

Usage:
  Non-class:     18.32 MB capacity,    17.73 MB ( 97%) used,   495.20 KB (  3%) free+waste,   112.50 KB ( <1%) overhead. 
      Class:      3.25 MB capacity,     2.86 MB ( 88%) used,   348.73 KB ( 10%) free+waste,    57.56 KB (  2%) overhead. 
       Both:     21.57 MB capacity,    20.58 MB ( 95%) used,   843.93 KB (  4%) free+waste,   170.06 KB ( <1%) overhead. 

Virtual space:
  Non-class space:       20.00 MB reserved,      18.50 MB ( 93%) committed 
      Class space:        1.00 GB reserved,       3.38 MB ( <1%) committed 
             Both:        1.02 GB reserved,      21.88 MB (  2%) committed 

Chunk freelists:
   Non-Class:  57.00 KB
       Class:  0 bytes
        Both:  57.00 KB

MaxMetaspaceSize: 17179869184.00 GB
CompressedClassSpaceSize: 1.00 GB

CodeHeap 'non-profiled nmethods': size=120000Kb used=2816Kb max_used=2816Kb free=117183Kb
 bounds [0x000001d3f22f0000, 0x000001d3f25c0000, 0x000001d3f9820000]
CodeHeap 'profiled nmethods': size=120000Kb used=10083Kb max_used=10083Kb free=109916Kb
 bounds [0x000001d3eadc0000, 0x000001d3eb7a0000, 0x000001d3f22f0000]
CodeHeap 'non-nmethods': size=5760Kb used=1468Kb max_used=1514Kb free=4291Kb
 bounds [0x000001d3ea820000, 0x000001d3eaa90000, 0x000001d3eadc0000]
 total_blobs=6953 nmethods=4753 adapters=708
 compilation: enabled
              stopped_count=0, restarted_count=0
 full_count=0

Compilation events (20 events):
Event: 15.161 Thread 0x000001d3fe8e1000 nmethod 4733 0x000001d3eb796690 code [0x000001d3eb796820, 0x000001d3eb796958]
Event: 15.161 Thread 0x000001d3fe8e1000 4734       3       com.sun.prism.d3d.D3DContext::testLostStateAndReset (84 bytes)
Event: 15.162 Thread 0x000001d3fe8e1000 nmethod 4734 0x000001d3eb796a10 code [0x000001d3eb796c40, 0x000001d3eb797468]
Event: 15.288 Thread 0x000001d3fe8db800 nmethod 4714 0x000001d3f259e190 code [0x000001d3f259f1e0, 0x000001d3f25a8910]
Event: 15.290 Thread 0x000001d3fe8db800 4747       4       com.sun.javafx.sg.prism.NGRegion::doCorner (248 bytes)
Event: 15.292 Thread 0x000001d3fe8db800 nmethod 4747 0x000001d3f25aea90 code [0x000001d3f25aed00, 0x000001d3f25af188]
Event: 15.620 Thread 0x000001d3fe8db800 4748       4       java.security.AccessController::checkContext (49 bytes)
Event: 15.621 Thread 0x000001d3fe8db800 nmethod 4748 0x000001d3f25af410 code [0x000001d3f25af5a0, 0x000001d3f25af638]
Event: 15.799 Thread 0x000001d3fe8e1000 4749       3       java.util.regex.CharPredicates$$Lambda$18/0x0000000800b94c40::is (5 bytes)
Event: 15.800 Thread 0x000001d3fe8e1000 nmethod 4749 0x000001d3eb797710 code [0x000001d3eb7978c0, 0x000001d3eb797b98]
Event: 15.800 Thread 0x000001d3fe8e1000 4750       3       java.util.regex.CharPredicates::lambda$ASCII_DIGIT$15 (20 bytes)
Event: 15.800 Thread 0x000001d3fe8e1000 nmethod 4750 0x000001d3eb797c90 code [0x000001d3eb797e40, 0x000001d3eb798078]
Event: 15.800 Thread 0x000001d3fe8e1000 4751       3       java.lang.StringBuilder::append (10 bytes)
Event: 15.800 Thread 0x000001d3fe8e1000 nmethod 4751 0x000001d3eb798110 code [0x000001d3eb7982c0, 0x000001d3eb798428]
Event: 15.800 Thread 0x000001d3fe8e1000 4752       3       java.lang.AbstractStringBuilder::append (63 bytes)
Event: 15.801 Thread 0x000001d3fe8e1000 nmethod 4752 0x000001d3eb798510 code [0x000001d3eb798700, 0x000001d3eb798ca8]
Event: 15.940 Thread 0x000001d3fe8db800 4753       4       java.lang.Thread::interrupted (23 bytes)
Event: 15.941 Thread 0x000001d3fe8db800 nmethod 4753 0x000001d3f25af710 code [0x000001d3f25af8a0, 0x000001d3f25af918]
Event: 15.956 Thread 0x000001d3fe8db800 4754       4       com.sun.scenario.effect.impl.prism.ps.PPSDrawable::createGraphics (13 bytes)
Event: 15.959 Thread 0x000001d3fe8db800 nmethod 4754 0x000001d3f25afa10 code [0x000001d3f25afc20, 0x000001d3f25afe68]

GC Heap History (6 events):
Event: 1.104 GC heap before
{Heap before GC invocations=0 (full 0):
 garbage-first heap   total 131072K, used 12288K [0x0000000080a00000, 0x0000000100000000)
  region size 1024K, 13 young (13312K), 0 survivors (0K)
 Metaspace       used 3238K, capacity 6018K, committed 6144K, reserved 1056768K
  class space    used 373K, capacity 650K, committed 768K, reserved 1048576K
}
Event: 1.107 GC heap after
{Heap after GC invocations=1 (full 0):
 garbage-first heap   total 131072K, used 2318K [0x0000000080a00000, 0x0000000100000000)
  region size 1024K, 2 young (2048K), 2 survivors (2048K)
 Metaspace       used 3238K, capacity 6018K, committed 6144K, reserved 1056768K
  class space    used 373K, capacity 650K, committed 768K, reserved 1048576K
}
Event: 1.560 GC heap before
{Heap before GC invocations=1 (full 0):
 garbage-first heap   total 131072K, used 17678K [0x0000000080a00000, 0x0000000100000000)
  region size 1024K, 18 young (18432K), 2 survivors (2048K)
 Metaspace       used 8672K, capacity 9904K, committed 9984K, reserved 1058816K
  class space    used 1084K, capacity 1243K, committed 1280K, reserved 1048576K
}
Event: 1.564 GC heap after
{Heap after GC invocations=2 (full 0):
 garbage-first heap   total 131072K, used 4892K [0x0000000080a00000, 0x0000000100000000)
  region size 1024K, 3 young (3072K), 3 survivors (3072K)
 Metaspace       used 8672K, capacity 9904K, committed 9984K, reserved 1058816K
  class space    used 1084K, capacity 1243K, committed 1280K, reserved 1048576K
}
Event: 6.741 GC heap before
{Heap before GC invocations=2 (full 0):
 garbage-first heap   total 131072K, used 57116K [0x0000000080a00000, 0x0000000100000000)
  region size 1024K, 53 young (54272K), 3 survivors (3072K)
 Metaspace       used 20132K, capacity 21148K, committed 21248K, reserved 1067008K
  class space    used 2883K, capacity 3276K, committed 3328K, reserved 1048576K
}
Event: 6.752 GC heap after
{Heap after GC invocations=3 (full 0):
 garbage-first heap   total 131072K, used 13991K [0x0000000080a00000, 0x0000000100000000)
  region size 1024K, 10 young (10240K), 10 survivors (10240K)
 Metaspace       used 20132K, capacity 21148K, committed 21248K, reserved 1067008K
  class space    used 2883K, capacity 3276K, committed 3328K, reserved 1048576K
}

Deoptimization events (20 events):
Event: 13.299 Thread 0x000001d382499800 Uncommon trap: trap_request=0xffffffde fr.pc=0x000001d3f255026c relative=0x000000000000112c
Event: 13.299 Thread 0x000001d382499800 Uncommon trap: reason=class_check action=maybe_recompile pc=0x000001d3f255026c method=com.sun.javafx.event.CompositeEventHandler.dispatchCapturingEvent(Ljavafx/event/Event;)V @ 12 c2
Event: 13.299 Thread 0x000001d382499800 DEOPT PACKING pc=0x000001d3f255026c sp=0x00000017207fd6d0
Event: 13.299 Thread 0x000001d382499800 DEOPT UNPACKING pc=0x000001d3ea86912f sp=0x00000017207fd5c8 mode 2
Event: 14.500 Thread 0x000001d382499800 Uncommon trap: trap_request=0xffffffbe fr.pc=0x000001d3f2587fac relative=0x000000000000564c
Event: 14.500 Thread 0x000001d382499800 Uncommon trap: reason=profile_predicate action=maybe_recompile pc=0x000001d3f2587fac method=javafx.scene.CssStyleHelper.transitionToState(Ljavafx/scene/Node;)V @ 286 c2
Event: 14.500 Thread 0x000001d382499800 DEOPT PACKING pc=0x000001d3f2587fac sp=0x00000017207fd940
Event: 14.500 Thread 0x000001d382499800 DEOPT UNPACKING pc=0x000001d3ea86912f sp=0x00000017207fd8d8 mode 2
Event: 14.501 Thread 0x000001d382499800 Uncommon trap: trap_request=0xffffffbe fr.pc=0x000001d3f2587fac relative=0x000000000000564c
Event: 14.501 Thread 0x000001d382499800 Uncommon trap: reason=profile_predicate action=maybe_recompile pc=0x000001d3f2587fac method=javafx.scene.CssStyleHelper.transitionToState(Ljavafx/scene/Node;)V @ 286 c2
Event: 14.501 Thread 0x000001d382499800 DEOPT PACKING pc=0x000001d3f2587fac sp=0x00000017207fd940
Event: 14.501 Thread 0x000001d382499800 DEOPT UNPACKING pc=0x000001d3ea86912f sp=0x00000017207fd8d8 mode 2
Event: 14.516 Thread 0x000001d382499800 Uncommon trap: trap_request=0xffffffbe fr.pc=0x000001d3f2587fac relative=0x000000000000564c
Event: 14.516 Thread 0x000001d382499800 Uncommon trap: reason=profile_predicate action=maybe_recompile pc=0x000001d3f2587fac method=javafx.scene.CssStyleHelper.transitionToState(Ljavafx/scene/Node;)V @ 286 c2
Event: 14.516 Thread 0x000001d382499800 DEOPT PACKING pc=0x000001d3f2587fac sp=0x00000017207fd940
Event: 14.516 Thread 0x000001d382499800 DEOPT UNPACKING pc=0x000001d3ea86912f sp=0x00000017207fd8d8 mode 2
Event: 14.516 Thread 0x000001d382499800 Uncommon trap: trap_request=0xffffffbe fr.pc=0x000001d3f2587fac relative=0x000000000000564c
Event: 14.516 Thread 0x000001d382499800 Uncommon trap: reason=profile_predicate action=maybe_recompile pc=0x000001d3f2587fac method=javafx.scene.CssStyleHelper.transitionToState(Ljavafx/scene/Node;)V @ 286 c2
Event: 14.516 Thread 0x000001d382499800 DEOPT PACKING pc=0x000001d3f2587fac sp=0x00000017207fd940
Event: 14.516 Thread 0x000001d382499800 DEOPT UNPACKING pc=0x000001d3ea86912f sp=0x00000017207fd8d8 mode 2

Classes unloaded (0 events):
No events

Classes redefined (0 events):
No events

Internal exceptions (20 events):
Event: 2.230 Thread 0x000001d382499800 Exception <a 'java/lang/ClassNotFoundException'{0x0000000086d33c90}: com/sun/javafx/scene/control/skin/resources/controls_ru> (0x0000000086d33c90) 
thrown [./open/src/hotspot/share/prims/jni.cpp, line 620]
Event: 2.230 Thread 0x000001d382499800 Exception <a 'java/lang/ClassNotFoundException'{0x0000000086d35ec0}: com/sun/javafx/scene/control/skin/resources/controls_ru_RU> (0x0000000086d35ec0) 
thrown [./open/src/hotspot/share/prims/jni.cpp, line 620]
Event: 2.442 Thread 0x000001d382499800 Exception <a 'java/io/FileNotFoundException'{0x00000000862c4b38}> (0x00000000862c4b38) 
thrown [./open/src/hotspot/share/prims/jni.cpp, line 599]
Event: 2.443 Thread 0x000001d382499800 Exception <a 'java/io/FileNotFoundException'{0x00000000862c6c38}> (0x00000000862c6c38) 
thrown [./open/src/hotspot/share/prims/jni.cpp, line 599]
Event: 2.443 Thread 0x000001d382499800 Exception <a 'java/io/FileNotFoundException'{0x00000000862cb4f8}> (0x00000000862cb4f8) 
thrown [./open/src/hotspot/share/prims/jni.cpp, line 599]
Event: 2.443 Thread 0x000001d382499800 Exception <a 'java/io/FileNotFoundException'{0x00000000862ccfb8}> (0x00000000862ccfb8) 
thrown [./open/src/hotspot/share/prims/jni.cpp, line 599]
Event: 2.448 Thread 0x000001d382499800 Exception <a 'java/io/FileNotFoundException'{0x00000000861c1a60}> (0x00000000861c1a60) 
thrown [./open/src/hotspot/share/prims/jni.cpp, line 599]
Event: 2.449 Thread 0x000001d382499800 Exception <a 'java/io/FileNotFoundException'{0x00000000861c3a10}> (0x00000000861c3a10) 
thrown [./open/src/hotspot/share/prims/jni.cpp, line 599]
Event: 2.449 Thread 0x000001d382499800 Exception <a 'java/io/FileNotFoundException'{0x00000000861c5628}> (0x00000000861c5628) 
thrown [./open/src/hotspot/share/prims/jni.cpp, line 599]
Event: 2.547 Thread 0x000001d382499800 Exception <a 'java/lang/NoSuchMethodError'{0x0000000085d6e7f0}: 'long java.lang.invoke.DirectMethodHandle$Holder.invokeStatic(java.lang.Object, java.lang.Object, java.lang.Object)'> (0x0000000085d6e7f0) 
thrown [./open/src/hotspot/share/interpreter/linkResolver.cpp, line 766]
Event: 2.547 Thread 0x000001d382499800 Exception <a 'java/lang/NoSuchMethodError'{0x0000000085d71498}: 'long java.lang.invoke.DirectMethodHandle$Holder.invokeStaticInit(java.lang.Object, java.lang.Object, java.lang.Object)'> (0x0000000085d71498) 
thrown [./open/src/hotspot/share/interpreter/linkResolver.cpp, line 766]
Event: 2.548 Thread 0x000001d382499800 Exception <a 'java/lang/NoSuchMethodError'{0x0000000085c053e8}: 'java.lang.Object java.lang.invoke.Invokers$Holder.linkToTargetMethod(java.lang.Object, long, java.lang.Object)'> (0x0000000085c053e8) 
thrown [./open/src/hotspot/share/interpreter/linkResolver.cpp, line 766]
Event: 2.578 Thread 0x000001d3ffcd0800 Exception <a 'java/lang/NoSuchMethodError'{0x0000000085b19650}: 'int java.lang.invoke.DirectMethodHandle$Holder.invokeStaticInit(java.lang.Object, java.lang.Object)'> (0x0000000085b19650) 
thrown [./open/src/hotspot/share/interpreter/linkResolver.cpp, line 766]
Event: 7.436 Thread 0x000001d382499800 Exception <a 'java/lang/NoSuchMethodError'{0x0000000088860e38}: 'java.lang.Object java.lang.invoke.DirectMethodHandle$Holder.invokeStatic(java.lang.Object, java.lang.Object, int, int, int, int, int, java.lang.Object)'> (0x0000000088860e38) 
thrown [./open/src/hotspot/share/interpreter/linkResolver.cpp, line 766]
Event: 7.437 Thread 0x000001d382499800 Exception <a 'java/lang/NoSuchMethodError'{0x0000000088870348}: 'java.lang.Object java.lang.invoke.DirectMethodHandle$Holder.invokeStatic(java.lang.Object, java.lang.Object, java.lang.Object, int, int, int, int, int)'> (0x0000000088870348) 
thrown [./open/src/hotspot/share/interpreter/linkResolver.cpp, line 766]
Event: 7.437 Thread 0x000001d382499800 Exception <a 'java/lang/NoSuchMethodError'{0x00000000888761c0}: 'java.lang.Object java.lang.invoke.Invokers$Holder.linkToTargetMethod(java.lang.Object, java.lang.Object, int, int, int, int, int, java.lang.Object)'> (0x00000000888761c0) 
thrown [./open/src/hotspot/share/interpreter/linkResolver.cpp, line 766]
Event: 7.493 Thread 0x000001d382a97000 Exception <a 'java/lang/NullPointerException'{0x00000000888c8f58}> (0x00000000888c8f58) 
thrown [./open/src/hotspot/share/interpreter/linkResolver.cpp, line 1348]
Event: 9.205 Thread 0x000001d382499800 Implicit null exception at 0x000001d3f2443c2b to 0x000001d3f244635c
Event: 9.205 Thread 0x000001d382499800 Implicit null exception at 0x000001d3f24b4623 to 0x000001d3f24b5da8
Event: 9.219 Thread 0x000001d382499800 Implicit null exception at 0x000001d3f243c637 to 0x000001d3f243c6d4

Events (20 events):
Event: 10.289 loading class sun/text/resources/BreakIteratorResources done
Event: 10.290 loading class sun/text/RuleBasedBreakIterator
Event: 10.290 loading class sun/text/RuleBasedBreakIterator done
Event: 10.290 loading class sun/text/CompactByteArray
Event: 10.290 loading class sun/text/CompactByteArray done
Event: 10.290 loading class sun/text/SupplementaryCharacterData
Event: 10.290 loading class sun/text/SupplementaryCharacterData done
Event: 10.290 loading class java/text/BreakIterator$BreakIteratorCache
Event: 10.290 loading class java/text/BreakIterator$BreakIteratorCache done
Event: 10.290 loading class java/text/StringCharacterIterator
Event: 10.290 loading class java/text/StringCharacterIterator done
Event: 13.476 Thread 0x000001d38de31800 Thread added: 0x000001d38de31800
Event: 13.811 Thread 0x000001d38de31800 Thread exited: 0x000001d38de31800
Event: 15.146 Loaded shared library D:\workspace\java\libs\openjfx-11.0.2_windows-x64_bin-sdk\javafx-sdk-11.0.2\bin\prism_d3d.dll
Event: 16.073 Executing VM operation: HandshakeOneThread
Event: 16.073 Executing VM operation: HandshakeOneThread done
Event: 16.073 Executing VM operation: HandshakeOneThread
Event: 16.073 Executing VM operation: HandshakeOneThread done
Event: 16.073 Executing VM operation: HandshakeOneThread
Event: 16.074 Executing VM operation: HandshakeOneThread done


Dynamic libraries:
0x00007ff6ca920000 - 0x00007ff6ca92d000 	D:\workspace\java\libs\jdks\bin\java.exe
0x00007ffa2ada0000 - 0x00007ffa2af90000 	C:\WINDOWS\SYSTEM32\ntdll.dll
0x00007ffa2a010000 - 0x00007ffa2a0c2000 	C:\WINDOWS\System32\KERNEL32.DLL
0x00007ffa28320000 - 0x00007ffa285c3000 	C:\WINDOWS\System32\KERNELBASE.dll
0x00007ffa28220000 - 0x00007ffa2831a000 	C:\WINDOWS\System32\ucrtbase.dll
0x00007ffa246b0000 - 0x00007ffa246c8000 	D:\workspace\java\libs\jdks\bin\jli.dll
0x00007ffa29290000 - 0x00007ffa29424000 	C:\WINDOWS\System32\USER32.dll
0x00007ffa28070000 - 0x00007ffa28091000 	C:\WINDOWS\System32\win32u.dll
0x00007ffa28f30000 - 0x00007ffa28f56000 	C:\WINDOWS\System32\GDI32.dll
0x00007ffa27ed0000 - 0x00007ffa28064000 	C:\WINDOWS\System32\gdi32full.dll
0x00007ffa27d30000 - 0x00007ffa27dce000 	C:\WINDOWS\System32\msvcp_win.dll
0x00007ffa24690000 - 0x00007ffa246a5000 	D:\workspace\java\libs\jdks\bin\VCRUNTIME140.dll
0x00007ffa1e200000 - 0x00007ffa1e485000 	C:\WINDOWS\WinSxS\amd64_microsoft.windows.common-controls_6595b64144ccf1df_6.0.18362.720_none_e6beb5c51314836b\COMCTL32.dll
0x00007ffa29ec0000 - 0x00007ffa29f5e000 	C:\WINDOWS\System32\msvcrt.dll
0x00007ffa296e0000 - 0x00007ffa29a16000 	C:\WINDOWS\System32\combase.dll
0x00007ffa29510000 - 0x00007ffa29630000 	C:\WINDOWS\System32\RPCRT4.dll
0x00007ffa28650000 - 0x00007ffa286d0000 	C:\WINDOWS\System32\bcryptPrimitives.dll
0x00007ffa29a20000 - 0x00007ffa29a4e000 	C:\WINDOWS\System32\IMM32.DLL
0x00007ffa1c300000 - 0x00007ffa1c39b000 	D:\workspace\java\libs\jdks\bin\msvcp140.dll
0x00007ff9e8870000 - 0x00007ff9e938e000 	D:\workspace\java\libs\jdks\bin\server\jvm.dll
0x00007ffa29f60000 - 0x00007ffa2a003000 	C:\WINDOWS\System32\ADVAPI32.dll
0x00007ffa291d0000 - 0x00007ffa29267000 	C:\WINDOWS\System32\sechost.dll
0x00007ffa29140000 - 0x00007ffa29148000 	C:\WINDOWS\System32\PSAPI.DLL
0x00007ffa09a80000 - 0x00007ffa09a89000 	C:\WINDOWS\SYSTEM32\WSOCK32.dll
0x00007ffa2a230000 - 0x00007ffa2a29f000 	C:\WINDOWS\System32\WS2_32.dll
0x00007ffa22ae0000 - 0x00007ffa22b04000 	C:\WINDOWS\SYSTEM32\WINMM.dll
0x00007ffa22770000 - 0x00007ffa2277a000 	C:\WINDOWS\SYSTEM32\VERSION.dll
0x00007ffa22a90000 - 0x00007ffa22abd000 	C:\WINDOWS\SYSTEM32\WINMMBASE.dll
0x00007ffa27dd0000 - 0x00007ffa27e1a000 	C:\WINDOWS\System32\cfgmgr32.dll
0x00007ffa27c70000 - 0x00007ffa27c81000 	C:\WINDOWS\System32\kernel.appcore.dll
0x00007ffa24680000 - 0x00007ffa2468a000 	D:\workspace\java\libs\jdks\bin\jimage.dll
0x00007ffa17370000 - 0x00007ffa17564000 	C:\WINDOWS\SYSTEM32\DBGHELP.DLL
0x00007ffa15a90000 - 0x00007ffa15aba000 	C:\WINDOWS\SYSTEM32\dbgcore.DLL
0x00007ffa238f0000 - 0x00007ffa238fe000 	D:\workspace\java\libs\jdks\bin\instrument.dll
0x00007ffa23470000 - 0x00007ffa23495000 	D:\workspace\java\libs\jdks\bin\java.dll
0x00007ffa23360000 - 0x00007ffa23376000 	D:\workspace\java\libs\jdks\bin\zip.dll
0x00007ffa2a4d0000 - 0x00007ffa2abb5000 	C:\WINDOWS\System32\SHELL32.dll
0x00007ffa28f60000 - 0x00007ffa29009000 	C:\WINDOWS\System32\shcore.dll
0x00007ffa286d0000 - 0x00007ffa28e50000 	C:\WINDOWS\System32\windows.storage.dll
0x00007ffa27d00000 - 0x00007ffa27d23000 	C:\WINDOWS\System32\profapi.dll
0x00007ffa27cb0000 - 0x00007ffa27cfa000 	C:\WINDOWS\System32\powrprof.dll
0x00007ffa27c60000 - 0x00007ffa27c70000 	C:\WINDOWS\System32\UMPDC.dll
0x00007ffa2ad00000 - 0x00007ffa2ad52000 	C:\WINDOWS\System32\shlwapi.dll
0x00007ffa28630000 - 0x00007ffa28647000 	C:\WINDOWS\System32\cryptsp.dll
0x00007ffa22590000 - 0x00007ffa225a9000 	D:\workspace\java\libs\jdks\bin\net.dll
0x00007ffa223e0000 - 0x00007ffa224d1000 	C:\WINDOWS\SYSTEM32\WINHTTP.dll
0x00007ffa274d0000 - 0x00007ffa27537000 	C:\WINDOWS\system32\mswsock.dll
0x00007ffa22570000 - 0x00007ffa22582000 	D:\workspace\java\libs\jdks\bin\nio.dll
0x00007ffa23860000 - 0x00007ffa23870000 	D:\workspace\java\libs\jdks\bin\verify.dll
0x00007ffa22550000 - 0x00007ffa2256a000 	D:\Program Files\ideaIU-2020.1.windows\bin\breakgen64.dll
0x000001d382fe0000 - 0x000001d382fe3000 	D:\workspace\java\libs\openjfx-11.0.2_windows-x64_bin-sdk\javafx-sdk-11.0.2\bin\api-ms-win-core-console-l1-1-0.dll
0x000001d382ff0000 - 0x000001d382ff3000 	D:\workspace\java\libs\openjfx-11.0.2_windows-x64_bin-sdk\javafx-sdk-11.0.2\bin\api-ms-win-core-datetime-l1-1-0.dll
0x000001d383000000 - 0x000001d383003000 	D:\workspace\java\libs\openjfx-11.0.2_windows-x64_bin-sdk\javafx-sdk-11.0.2\bin\api-ms-win-core-debug-l1-1-0.dll
0x000001d383010000 - 0x000001d383013000 	D:\workspace\java\libs\openjfx-11.0.2_windows-x64_bin-sdk\javafx-sdk-11.0.2\bin\api-ms-win-core-errorhandling-l1-1-0.dll
0x000001d383020000 - 0x000001d383024000 	D:\workspace\java\libs\openjfx-11.0.2_windows-x64_bin-sdk\javafx-sdk-11.0.2\bin\api-ms-win-core-file-l1-1-0.dll
0x000001d383030000 - 0x000001d383033000 	D:\workspace\java\libs\openjfx-11.0.2_windows-x64_bin-sdk\javafx-sdk-11.0.2\bin\api-ms-win-core-file-l1-2-0.dll
0x000001d383040000 - 0x000001d383043000 	D:\workspace\java\libs\openjfx-11.0.2_windows-x64_bin-sdk\javafx-sdk-11.0.2\bin\api-ms-win-core-file-l2-1-0.dll
0x000001d383050000 - 0x000001d383053000 	D:\workspace\java\libs\openjfx-11.0.2_windows-x64_bin-sdk\javafx-sdk-11.0.2\bin\api-ms-win-core-handle-l1-1-0.dll
0x000001d383060000 - 0x000001d383063000 	D:\workspace\java\libs\openjfx-11.0.2_windows-x64_bin-sdk\javafx-sdk-11.0.2\bin\api-ms-win-core-heap-l1-1-0.dll
0x000001d383070000 - 0x000001d383073000 	D:\workspace\java\libs\openjfx-11.0.2_windows-x64_bin-sdk\javafx-sdk-11.0.2\bin\api-ms-win-core-interlocked-l1-1-0.dll
0x000001d383080000 - 0x000001d383083000 	D:\workspace\java\libs\openjfx-11.0.2_windows-x64_bin-sdk\javafx-sdk-11.0.2\bin\api-ms-win-core-libraryloader-l1-1-0.dll
0x000001d383090000 - 0x000001d383093000 	D:\workspace\java\libs\openjfx-11.0.2_windows-x64_bin-sdk\javafx-sdk-11.0.2\bin\api-ms-win-core-localization-l1-2-0.dll
0x000001d3830a0000 - 0x000001d3830a3000 	D:\workspace\java\libs\openjfx-11.0.2_windows-x64_bin-sdk\javafx-sdk-11.0.2\bin\api-ms-win-core-memory-l1-1-0.dll
0x000001d3830b0000 - 0x000001d3830b3000 	D:\workspace\java\libs\openjfx-11.0.2_windows-x64_bin-sdk\javafx-sdk-11.0.2\bin\api-ms-win-core-namedpipe-l1-1-0.dll
0x000001d3830c0000 - 0x000001d3830c3000 	D:\workspace\java\libs\openjfx-11.0.2_windows-x64_bin-sdk\javafx-sdk-11.0.2\bin\api-ms-win-core-processenvironment-l1-1-0.dll
0x000001d3830d0000 - 0x000001d3830d3000 	D:\workspace\java\libs\openjfx-11.0.2_windows-x64_bin-sdk\javafx-sdk-11.0.2\bin\api-ms-win-core-processthreads-l1-1-0.dll
0x000001d3830e0000 - 0x000001d3830e3000 	D:\workspace\java\libs\openjfx-11.0.2_windows-x64_bin-sdk\javafx-sdk-11.0.2\bin\api-ms-win-core-processthreads-l1-1-1.dll
0x000001d3830f0000 - 0x000001d3830f3000 	D:\workspace\java\libs\openjfx-11.0.2_windows-x64_bin-sdk\javafx-sdk-11.0.2\bin\api-ms-win-core-profile-l1-1-0.dll
0x000001d383100000 - 0x000001d383103000 	D:\workspace\java\libs\openjfx-11.0.2_windows-x64_bin-sdk\javafx-sdk-11.0.2\bin\api-ms-win-core-rtlsupport-l1-1-0.dll
0x000001d383110000 - 0x000001d383113000 	D:\workspace\java\libs\openjfx-11.0.2_windows-x64_bin-sdk\javafx-sdk-11.0.2\bin\api-ms-win-core-string-l1-1-0.dll
0x000001d383120000 - 0x000001d383123000 	D:\workspace\java\libs\openjfx-11.0.2_windows-x64_bin-sdk\javafx-sdk-11.0.2\bin\api-ms-win-core-synch-l1-1-0.dll
0x000001d383130000 - 0x000001d383133000 	D:\workspace\java\libs\openjfx-11.0.2_windows-x64_bin-sdk\javafx-sdk-11.0.2\bin\api-ms-win-core-synch-l1-2-0.dll
0x000001d383140000 - 0x000001d383143000 	D:\workspace\java\libs\openjfx-11.0.2_windows-x64_bin-sdk\javafx-sdk-11.0.2\bin\api-ms-win-core-sysinfo-l1-1-0.dll
0x000001d383150000 - 0x000001d383153000 	D:\workspace\java\libs\openjfx-11.0.2_windows-x64_bin-sdk\javafx-sdk-11.0.2\bin\api-ms-win-core-timezone-l1-1-0.dll
0x000001d383160000 - 0x000001d383163000 	D:\workspace\java\libs\openjfx-11.0.2_windows-x64_bin-sdk\javafx-sdk-11.0.2\bin\api-ms-win-core-util-l1-1-0.dll
0x000001d383170000 - 0x000001d383173000 	D:\workspace\java\libs\openjfx-11.0.2_windows-x64_bin-sdk\javafx-sdk-11.0.2\bin\api-ms-win-crt-conio-l1-1-0.dll
0x000001d383180000 - 0x000001d383184000 	D:\workspace\java\libs\openjfx-11.0.2_windows-x64_bin-sdk\javafx-sdk-11.0.2\bin\api-ms-win-crt-convert-l1-1-0.dll
0x000001d383190000 - 0x000001d383193000 	D:\workspace\java\libs\openjfx-11.0.2_windows-x64_bin-sdk\javafx-sdk-11.0.2\bin\api-ms-win-crt-environment-l1-1-0.dll
0x000001d3831a0000 - 0x000001d3831a3000 	D:\workspace\java\libs\openjfx-11.0.2_windows-x64_bin-sdk\javafx-sdk-11.0.2\bin\api-ms-win-crt-filesystem-l1-1-0.dll
0x000001d3831b0000 - 0x000001d3831b3000 	D:\workspace\java\libs\openjfx-11.0.2_windows-x64_bin-sdk\javafx-sdk-11.0.2\bin\api-ms-win-crt-heap-l1-1-0.dll
0x000001d3831c0000 - 0x000001d3831c3000 	D:\workspace\java\libs\openjfx-11.0.2_windows-x64_bin-sdk\javafx-sdk-11.0.2\bin\api-ms-win-crt-locale-l1-1-0.dll
0x000001d3831d0000 - 0x000001d3831d5000 	D:\workspace\java\libs\openjfx-11.0.2_windows-x64_bin-sdk\javafx-sdk-11.0.2\bin\api-ms-win-crt-math-l1-1-0.dll
0x000001d3831e0000 - 0x000001d3831e5000 	D:\workspace\java\libs\openjfx-11.0.2_windows-x64_bin-sdk\javafx-sdk-11.0.2\bin\api-ms-win-crt-multibyte-l1-1-0.dll
0x000001d3831f0000 - 0x000001d383200000 	D:\workspace\java\libs\openjfx-11.0.2_windows-x64_bin-sdk\javafx-sdk-11.0.2\bin\api-ms-win-crt-private-l1-1-0.dll
0x000001d383200000 - 0x000001d383203000 	D:\workspace\java\libs\openjfx-11.0.2_windows-x64_bin-sdk\javafx-sdk-11.0.2\bin\api-ms-win-crt-process-l1-1-0.dll
0x000001d383210000 - 0x000001d383214000 	D:\workspace\java\libs\openjfx-11.0.2_windows-x64_bin-sdk\javafx-sdk-11.0.2\bin\api-ms-win-crt-runtime-l1-1-0.dll
0x000001d383220000 - 0x000001d383224000 	D:\workspace\java\libs\openjfx-11.0.2_windows-x64_bin-sdk\javafx-sdk-11.0.2\bin\api-ms-win-crt-stdio-l1-1-0.dll
0x000001d383230000 - 0x000001d383234000 	D:\workspace\java\libs\openjfx-11.0.2_windows-x64_bin-sdk\javafx-sdk-11.0.2\bin\api-ms-win-crt-string-l1-1-0.dll
0x000001d383240000 - 0x000001d383243000 	D:\workspace\java\libs\openjfx-11.0.2_windows-x64_bin-sdk\javafx-sdk-11.0.2\bin\api-ms-win-crt-time-l1-1-0.dll
0x000001d383250000 - 0x000001d383253000 	D:\workspace\java\libs\openjfx-11.0.2_windows-x64_bin-sdk\javafx-sdk-11.0.2\bin\api-ms-win-crt-utility-l1-1-0.dll
0x00007ffa138f0000 - 0x00007ffa139ea000 	D:\workspace\java\libs\openjfx-11.0.2_windows-x64_bin-sdk\javafx-sdk-11.0.2\bin\ucrtbase.dll
0x00007ffa1c9e0000 - 0x00007ffa1c9f6000 	D:\workspace\java\libs\openjfx-11.0.2_windows-x64_bin-sdk\javafx-sdk-11.0.2\bin\vcruntime140.dll
0x00007ffa105d0000 - 0x00007ffa10676000 	D:\workspace\java\libs\openjfx-11.0.2_windows-x64_bin-sdk\javafx-sdk-11.0.2\bin\msvcp140.dll
0x00007ffa135b0000 - 0x00007ffa13601000 	D:\workspace\java\libs\openjfx-11.0.2_windows-x64_bin-sdk\javafx-sdk-11.0.2\bin\concrt140.dll
0x00007ffa1c2a0000 - 0x00007ffa1c2c3000 	D:\workspace\java\libs\openjfx-11.0.2_windows-x64_bin-sdk\javafx-sdk-11.0.2\bin\prism_d3d.dll
0x00007ffa1ee90000 - 0x00007ffa1f057000 	C:\WINDOWS\system32\d3d9.dll
0x00007ffa260d0000 - 0x00007ffa260fd000 	C:\WINDOWS\SYSTEM32\dwmapi.dll
0x00007ffa268d0000 - 0x00007ffa268f0000 	C:\WINDOWS\SYSTEM32\dxcore.dll
0x00007ffa25c10000 - 0x00007ffa25ca9000 	C:\WINDOWS\system32\uxtheme.dll
0x00007ffa1d6f0000 - 0x00007ffa1d7de000 	C:\WINDOWS\System32\DriverStore\FileRepository\nv_dispi.inf_amd64_db678424d2641c3d\nvldumdx.dll
0x00007ffa280d0000 - 0x00007ffa28219000 	C:\WINDOWS\System32\crypt32.dll
0x00007ffa27c90000 - 0x00007ffa27ca2000 	C:\WINDOWS\System32\MSASN1.dll
0x00007ffa285d0000 - 0x00007ffa2862c000 	C:\WINDOWS\System32\WINTRUST.DLL
0x00007ffa29270000 - 0x00007ffa2928d000 	C:\WINDOWS\System32\imagehlp.dll
0x00007ffa27040000 - 0x00007ffa27073000 	C:\WINDOWS\system32\rsaenh.dll
0x00007ffa280a0000 - 0x00007ffa280c6000 	C:\WINDOWS\System32\bcrypt.dll
0x00007ffa276a0000 - 0x00007ffa276ac000 	C:\WINDOWS\SYSTEM32\CRYPTBASE.dll
0x00007ff9de630000 - 0x00007ff9dfacb000 	C:\WINDOWS\System32\DriverStore\FileRepository\nv_dispi.inf_amd64_db678424d2641c3d\nvd3dumx.dll
0x00007ffa061f0000 - 0x00007ffa06235000 	D:\workspace\java\libs\openjfx-11.0.2_windows-x64_bin-sdk\javafx-sdk-11.0.2\bin\glass.dll
0x00007ffa29440000 - 0x00007ffa29510000 	C:\WINDOWS\System32\COMDLG32.dll
0x00007ffa2a0d0000 - 0x00007ffa2a227000 	C:\WINDOWS\System32\ole32.dll
0x00007ffa29010000 - 0x00007ffa290d4000 	C:\WINDOWS\System32\OLEAUT32.dll
0x00007ffa2abc0000 - 0x00007ffa2acf6000 	C:\WINDOWS\System32\MSCTF.dll
0x00007ffa26880000 - 0x00007ffa268a2000 	C:\WINDOWS\SYSTEM32\gpapi.dll
0x00007ffa06e70000 - 0x00007ffa06e9f000 	C:\WINDOWS\SYSTEM32\cryptnet.dll
0x00007ffa1bc00000 - 0x00007ffa1bc14000 	D:\workspace\java\libs\openjfx-11.0.2_windows-x64_bin-sdk\javafx-sdk-11.0.2\bin\javafx_font.dll
0x00007ffa0c2a0000 - 0x00007ffa0c59e000 	C:\WINDOWS\SYSTEM32\dwrite.dll
0x00007ffa27b80000 - 0x00007ffa27ba5000 	C:\WINDOWS\SYSTEM32\USERENV.dll
0x00007ffa271e0000 - 0x00007ffa2721a000 	C:\WINDOWS\SYSTEM32\IPHLPAPI.DLL
0x00007ffa2a2a0000 - 0x00007ffa2a2a8000 	C:\WINDOWS\System32\NSI.dll
0x00007ffa21120000 - 0x00007ffa21136000 	C:\WINDOWS\SYSTEM32\dhcpcsvc6.DLL
0x00007ffa21100000 - 0x00007ffa2111c000 	C:\WINDOWS\SYSTEM32\dhcpcsvc.DLL
0x00007ffa27220000 - 0x00007ffa272ea000 	C:\WINDOWS\SYSTEM32\DNSAPI.dll
0x00007ffa13580000 - 0x00007ffa135a5000 	C:\Users\Klim\AppData\Local\Temp\jSerialComm\1588542526696-jSerialComm.dll
0x00007ffa29a50000 - 0x00007ffa29ec0000 	C:\WINDOWS\System32\SETUPAPI.dll
0x00007ffa27a60000 - 0x00007ffa27a8a000 	C:\WINDOWS\SYSTEM32\DEVOBJ.dll
0x00007ffa29630000 - 0x00007ffa296d2000 	C:\WINDOWS\System32\clbcatq.dll
0x00007ffa20270000 - 0x00007ffa2041f000 	C:\WINDOWS\SYSTEM32\WindowsCodecs.dll

dbghelp: loaded successfully - version: 4.0.5 - missing functions: none
symbol engine: initialized successfully - sym options: 0x614 - pdb path: .;D:\workspace\java\libs\jdks\bin;C:\WINDOWS\SYSTEM32;C:\WINDOWS\WinSxS\amd64_microsoft.windows.common-controls_6595b64144ccf1df_6.0.18362.720_none_e6beb5c51314836b;D:\workspace\java\libs\jdks\bin\server;D:\Program Files\ideaIU-2020.1.windows\bin;D:\workspace\java\libs\openjfx-11.0.2_windows-x64_bin-sdk\javafx-sdk-11.0.2\bin;C:\WINDOWS\System32\DriverStore\FileRepository\nv_dispi.inf_amd64_db678424d2641c3d;C:\Users\Klim\AppData\Local\Temp\jSerialComm;C:\Program Files\Common Files\Microsoft Shared\Ink

VM Arguments:
jvm_args: --module-path=D:/workspace/java/libs/openjfx-11.0.2_windows-x64_bin-sdk/javafx-sdk-11.0.2/lib --add-modules=javafx.controls,javafx.fxml --add-modules=javafx.base,javafx.graphics --add-reads=javafx.base=ALL-UNNAMED --add-reads=javafx.graphics=ALL-UNNAMED -javaagent:D:\Program Files\ideaIU-2020.1.windows\lib\idea_rt.jar=56032:D:\Program Files\ideaIU-2020.1.windows\bin -Dfile.encoding=UTF-8 
java_command: nipel.FreqControl.Main
java_class_path (initial): D:\workspace\java\projects\FreqControl\out\production\FreqControl;D:\workspace\java\libs\openjfx-11.0.2_windows-x64_bin-sdk\javafx-sdk-11.0.2\lib\src.zip;D:\workspace\java\libs\openjfx-11.0.2_windows-x64_bin-sdk\javafx-sdk-11.0.2\lib\javafx-swt.jar;D:\workspace\java\libs\openjfx-11.0.2_windows-x64_bin-sdk\javafx-sdk-11.0.2\lib\javafx.web.jar;D:\workspace\java\libs\openjfx-11.0.2_windows-x64_bin-sdk\javafx-sdk-11.0.2\lib\javafx.base.jar;D:\workspace\java\libs\openjfx-11.0.2_windows-x64_bin-sdk\javafx-sdk-11.0.2\lib\javafx.fxml.jar;D:\workspace\java\libs\openjfx-11.0.2_windows-x64_bin-sdk\javafx-sdk-11.0.2\lib\javafx.media.jar;D:\workspace\java\libs\openjfx-11.0.2_windows-x64_bin-sdk\javafx-sdk-11.0.2\lib\javafx.swing.jar;D:\workspace\java\libs\openjfx-11.0.2_windows-x64_bin-sdk\javafx-sdk-11.0.2\lib\javafx.controls.jar;D:\workspace\java\libs\openjfx-11.0.2_windows-x64_bin-sdk\javafx-sdk-11.0.2\lib\javafx.graphics.jar;D:\workspace\java\libs\jSerialComm-2.6.1.jar;D:\workspace\java\libs\fontawesomefx-commons-11.0.jar;D:\workspace\java\libs\fontawesomefx-fontawesome-4.7.0-11.jar
Launcher Type: SUN_STANDARD

[Global flags]
     intx CICompilerCount                          = 3                                         {product} {ergonomic}
     uint ConcGCThreads                            = 1                                         {product} {ergonomic}
     uint G1ConcRefinementThreads                  = 4                                         {product} {ergonomic}
   size_t G1HeapRegionSize                         = 1048576                                   {product} {ergonomic}
    uintx GCDrainStackTargetSize                   = 64                                        {product} {ergonomic}
   size_t InitialHeapSize                          = 134217728                                 {product} {ergonomic}
   size_t MarkStackSize                            = 4194304                                   {product} {ergonomic}
   size_t MaxHeapSize                              = 2136997888                                {product} {ergonomic}
   size_t MaxNewSize                               = 1281359872                                {product} {ergonomic}
   size_t MinHeapDeltaBytes                        = 1048576                                   {product} {ergonomic}
   size_t MinHeapSize                              = 8388608                                   {product} {ergonomic}
    uintx NonNMethodCodeHeapSize                   = 5832780                                {pd product} {ergonomic}
    uintx NonProfiledCodeHeapSize                  = 122912730                              {pd product} {ergonomic}
    uintx ProfiledCodeHeapSize                     = 122912730                              {pd product} {ergonomic}
    uintx ReservedCodeCacheSize                    = 251658240                              {pd product} {ergonomic}
     bool SegmentedCodeCache                       = true                                      {product} {ergonomic}
   size_t SoftMaxHeapSize                          = 2136997888                             {manageable} {ergonomic}
     bool UseCompressedClassPointers               = true                                 {lp64_product} {ergonomic}
     bool UseCompressedOops                        = true                                 {lp64_product} {ergonomic}
     bool UseG1GC                                  = true                                      {product} {ergonomic}
     bool UseLargePagesIndividualAllocation        = false                                  {pd product} {ergonomic}

Logging:
Log output configuration:
 #0: stdout all=warning uptime,level,tags
 #1: stderr all=off uptime,level,tags

Environment Variables:
PATH=C:\Program Files (x86)\Common Files\Oracle\Java\javapath;C:\Windows\system32;C:\Windows;C:\Windows\System32\Wbem;C:\Windows\System32\WindowsPowerShell\v1.0\;C:\Windows\System32\OpenSSH\;C:\Program Files\Microsoft SQL Server\130\Tools\Binn\;C:\Program Files (x86)\Windows Kits\8.1\Windows Performance Toolkit\;D:\Program Files\Git\cmd;C:\Program Files (x86)\STMicroelectronics\STM32 ST-LINK Utility\ST-LINK Utility;D:\Program Files\MATLAB\R2018b\runtime\win64;D:\Program Files\MATLAB\R2018b\bin;C:\WINDOWS\system32;C:\WINDOWS;C:\WINDOWS\System32\Wbem;C:\WINDOWS\System32\WindowsPowerShell\v1.0\;C:\WINDOWS\System32\OpenSSH\;C:\Users\Klim\AppData\Local\Microsoft\WindowsApps;C:\Users\Klim\AppData\Local\GitHubDesktop\bin;C:\Users\Klim\AppData\Local\Microsoft\WindowsApps;;D:\Program Files\JetBrains\IntelliJ IDEA 2019.2\bin;
USERNAME=Klim
OS=Windows_NT
PROCESSOR_IDENTIFIER=Intel64 Family 6 Model 158 Stepping 9, GenuineIntel



---------------  S Y S T E M  ---------------

OS: Windows 10 , 64 bit Build 18362 (10.0.18362.329)
OS uptime: 0 days 11:06 hours

CPU:total 4 (initial active 4) (4 cores per cpu, 1 threads per core) family 6 model 158 stepping 9, cmov, cx8, fxsr, mmx, sse, sse2, sse3, ssse3, sse4.1, sse4.2, popcnt, avx, avx2, aes, clmul, erms, rtm, 3dnowpref, lzcnt, tsc, tscinvbit, bmi1, bmi2, adx, fma

Memory: 4k page, system-wide physical 8147M (2492M free)
TotalPageFile size 19411M (AvailPageFile size 8186M)
current process WorkingSet (physical memory assigned to process): 135M, peak: 185M
current process commit charge ("private bytes"): 208M, peak: 305M

vm_info: OpenJDK 64-Bit Server VM (14.0.1+7) for windows-amd64 JRE (14.0.1+7), built on Mar  5 2020 10:30:04 by "mach5one" with MS VC++ 15.9 (VS2017)

END.
